#-----------------------------------------------------------
# Vivado v2022.1 (64-bit)
# SW Build 3526262 on Mon Apr 18 15:48:16 MDT 2022
# IP Build 3524634 on Mon Apr 18 20:55:01 MDT 2022
# Start of session at: Tue Feb 11 14:42:44 2025
# Process ID: 17952
# Current directory: D:/Project/project_1
# Command line: vivado.exe -gui_launcher_event rodinguilauncherevent27188 D:\Project\project_1\project_1.xpr
# Log file: D:/Project/project_1/vivado.log
# Journal file: D:/Project/project_1\vivado.jou
# Running On: mnnpaul, OS: Windows, CPU Frequency: 2611 MHz, CPU Physical cores: 12, Host memory: 25362 MB
#-----------------------------------------------------------
start_gui
open_project D:/Project/project_1/project_1.xpr
WARNING: [Board 49-26] cannot add Board Part xilinx.com:kc705:part0:1.6 available at C:/Xilinx/Vivado/2022.1/data/xhub/boards/XilinxBoardStore/boards/Xilinx/kc705/1.6/board.xml as part xc7k325tffg900-2 specified in board_part file is either invalid or not available
WARNING: [Board 49-26] cannot add Board Part xilinx.com:kcu105:part0:1.6 available at C:/Xilinx/Vivado/2022.1/data/xhub/boards/XilinxBoardStore/boards/Xilinx/kcu105/1.6/board.xml as part xcku040-ffva1156-2-e specified in board_part file is either invalid or not available
WARNING: [Board 49-26] cannot add Board Part xilinx.com:kcu105:part0:1.7 available at C:/Xilinx/Vivado/2022.1/data/xhub/boards/XilinxBoardStore/boards/Xilinx/kcu105/1.7/board.xml as part xcku040-ffva1156-2-e specified in board_part file is either invalid or not available
WARNING: [Board 49-26] cannot add Board Part xilinx.com:kcu1500:part0:1.2 available at C:/Xilinx/Vivado/2022.1/data/xhub/boards/XilinxBoardStore/boards/Xilinx/kcu1500/1.2/board.xml as part xcku115-flvb2104-2-e specified in board_part file is either invalid or not available
WARNING: [Board 49-26] cannot add Board Part xilinx.com:vc707:part0:1.4 available at C:/Xilinx/Vivado/2022.1/data/xhub/boards/XilinxBoardStore/boards/Xilinx/vc707/1.4/board.xml as part xc7vx485tffg1761-2 specified in board_part file is either invalid or not available
WARNING: [Board 49-26] cannot add Board Part xilinx.com:vc709:part0:1.8 available at C:/Xilinx/Vivado/2022.1/data/xhub/boards/XilinxBoardStore/boards/Xilinx/vc709/1.8/board.xml as part xc7vx690tffg1761-2 specified in board_part file is either invalid or not available
WARNING: [Board 49-26] cannot add Board Part xilinx.com:vck190:part0:2.2 available at C:/Xilinx/Vivado/2022.1/data/xhub/boards/XilinxBoardStore/boards/Xilinx/vck190/production/2.2/board.xml as part xcvc1902-vsva2197-2mp-e-s specified in board_part file is either invalid or not available
WARNING: [Board 49-26] cannot add Board Part xilinx.com:vck190:part0:3.0 available at C:/Xilinx/Vivado/2022.1/data/xhub/boards/XilinxBoardStore/boards/Xilinx/vck190/production/3.0/board.xml as part xcvc1902-vsva2197-2mp-e-s specified in board_part file is either invalid or not available
WARNING: [Board 49-26] cannot add Board Part xilinx.com:vck190_newl:part0:1.0 available at C:/Xilinx/Vivado/2022.1/data/xhub/boards/XilinxBoardStore/boards/Xilinx/vck190_newl/production/1.0/board.xml as part xcvc1902-vsva2197-2mp-e-s specified in board_part file is either invalid or not available
WARNING: [Board 49-26] cannot add Board Part xilinx.com:vcu108:part0:1.6 available at C:/Xilinx/Vivado/2022.1/data/xhub/boards/XilinxBoardStore/boards/Xilinx/vcu108/1.6/board.xml as part xcvu095-ffva2104-2-e specified in board_part file is either invalid or not available
WARNING: [Board 49-26] cannot add Board Part xilinx.com:vcu108:part0:1.7 available at C:/Xilinx/Vivado/2022.1/data/xhub/boards/XilinxBoardStore/boards/Xilinx/vcu108/1.7/board.xml as part xcvu095-ffva2104-2-e specified in board_part file is either invalid or not available
WARNING: [Board 49-26] cannot add Board Part xilinx.com:vcu110:part0:1.4 available at C:/Xilinx/Vivado/2022.1/data/xhub/boards/XilinxBoardStore/boards/Xilinx/vcu110/1.4/board.xml as part xcvu190-flgc2104-2-e specified in board_part file is either invalid or not available
WARNING: [Board 49-26] cannot add Board Part xilinx.com:vcu118:part0:2.0 available at C:/Xilinx/Vivado/2022.1/data/xhub/boards/XilinxBoardStore/boards/Xilinx/vcu118/2.0/board.xml as part xcvu9p-flga2104-2l-e specified in board_part file is either invalid or not available
WARNING: [Board 49-26] cannot add Board Part xilinx.com:vcu118:part0:2.3 available at C:/Xilinx/Vivado/2022.1/data/xhub/boards/XilinxBoardStore/boards/Xilinx/vcu118/2.3/board.xml as part xcvu9p-flga2104-2l-e specified in board_part file is either invalid or not available
WARNING: [Board 49-26] cannot add Board Part xilinx.com:vcu118:part0:2.4 available at C:/Xilinx/Vivado/2022.1/data/xhub/boards/XilinxBoardStore/boards/Xilinx/vcu118/2.4/board.xml as part xcvu9p-flga2104-2l-e specified in board_part file is either invalid or not available
WARNING: [Board 49-26] cannot add Board Part xilinx.com:vcu128:part0:1.0 available at C:/Xilinx/Vivado/2022.1/data/xhub/boards/XilinxBoardStore/boards/Xilinx/vcu128/production/1.0/board.xml as part xcvu37p-fsvh2892-2l-e specified in board_part file is either invalid or not available
WARNING: [Board 49-26] cannot add Board Part xilinx.com:vcu129:part0:1.0 available at C:/Xilinx/Vivado/2022.1/data/xhub/boards/XilinxBoardStore/boards/Xilinx/vcu129/production/1.0/board.xml as part xcvu29p-fsga2577-2l-e specified in board_part file is either invalid or not available
WARNING: [Board 49-26] cannot add Board Part xilinx.com:vcu1525:part0:1.3 available at C:/Xilinx/Vivado/2022.1/data/xhub/boards/XilinxBoardStore/boards/Xilinx/vcu1525/1.3/board.xml as part xcvu9p-fsgd2104-2l-e specified in board_part file is either invalid or not available
WARNING: [Board 49-26] cannot add Board Part xilinx.com:vermeo_t1_mpsoc:part0:1.0 available at C:/Xilinx/Vivado/2022.1/data/xhub/boards/XilinxBoardStore/boards/Xilinx/vermeo_t1_mpsoc/1.0/board.xml as part xczu19eg-ffvd1760-2l-e specified in board_part file is either invalid or not available
WARNING: [Board 49-26] cannot add Board Part xilinx.com:vermeo_t1_rfsoc:part0:1.0 available at C:/Xilinx/Vivado/2022.1/data/xhub/boards/XilinxBoardStore/boards/Xilinx/vermeo_t1_rfsoc/1.0/board.xml as part xczu21dr-ffvd1156-2l-e specified in board_part file is either invalid or not available
WARNING: [Board 49-26] cannot add Board Part xilinx.com:vmk180:part0:2.2 available at C:/Xilinx/Vivado/2022.1/data/xhub/boards/XilinxBoardStore/boards/Xilinx/vmk180/production/2.2/board.xml as part xcvm1802-vsva2197-2mp-e-s specified in board_part file is either invalid or not available
WARNING: [Board 49-26] cannot add Board Part xilinx.com:vmk180:part0:3.0 available at C:/Xilinx/Vivado/2022.1/data/xhub/boards/XilinxBoardStore/boards/Xilinx/vmk180/production/3.0/board.xml as part xcvm1802-vsva2197-2mp-e-s specified in board_part file is either invalid or not available
WARNING: [Board 49-26] cannot add Board Part xilinx.com:vmk180_newl:part0:1.0 available at C:/Xilinx/Vivado/2022.1/data/xhub/boards/XilinxBoardStore/boards/Xilinx/vmk180_newl/production/1.0/board.xml as part xcvm1802-vsva2197-2mp-e-s specified in board_part file is either invalid or not available
WARNING: [Board 49-26] cannot add Board Part xilinx.com:vpk120_es:part0:1.2 available at C:/Xilinx/Vivado/2022.1/data/xhub/boards/XilinxBoardStore/boards/Xilinx/vpk120/es/1.2/board.xml as part xcvp1202-vsva2785-2mp-e-s-es1 specified in board_part file is either invalid or not available
WARNING: [Board 49-26] cannot add Board Part xilinx.com:vpk120_es_revb:part0:1.0 available at C:/Xilinx/Vivado/2022.1/data/xhub/boards/XilinxBoardStore/boards/Xilinx/vpk120_revb/es/1.0/board.xml as part xcvp1202-vsva2785-2mp-e-s-es1 specified in board_part file is either invalid or not available
WARNING: [Board 49-26] cannot add Board Part xilinx.com:zc706:part0:1.4 available at C:/Xilinx/Vivado/2022.1/data/xhub/boards/XilinxBoardStore/boards/Xilinx/zc706/1.4/board.xml as part xc7z045ffg900-2 specified in board_part file is either invalid or not available
WARNING: [Board 49-26] cannot add Board Part xilinx.com:zcu102:part0:3.3 available at C:/Xilinx/Vivado/2022.1/data/xhub/boards/XilinxBoardStore/boards/Xilinx/zcu102/3.3/board.xml as part xczu9eg-ffvb1156-2-e specified in board_part file is either invalid or not available
WARNING: [Board 49-26] cannot add Board Part xilinx.com:zcu102:part0:3.4 available at C:/Xilinx/Vivado/2022.1/data/xhub/boards/XilinxBoardStore/boards/Xilinx/zcu102/3.4/board.xml as part xczu9eg-ffvb1156-2-e specified in board_part file is either invalid or not available
WARNING: [Board 49-26] cannot add Board Part xilinx.com:zcu111:part0:1.2 available at C:/Xilinx/Vivado/2022.1/data/xhub/boards/XilinxBoardStore/boards/Xilinx/zcu111/1.2/board.xml as part xczu28dr-ffvg1517-2-e specified in board_part file is either invalid or not available
WARNING: [Board 49-26] cannot add Board Part xilinx.com:zcu111:part0:1.3 available at C:/Xilinx/Vivado/2022.1/data/xhub/boards/XilinxBoardStore/boards/Xilinx/zcu111/1.3/board.xml as part xczu28dr-ffvg1517-2-e specified in board_part file is either invalid or not available
WARNING: [Board 49-26] cannot add Board Part xilinx.com:zcu111:part0:1.4 available at C:/Xilinx/Vivado/2022.1/data/xhub/boards/XilinxBoardStore/boards/Xilinx/zcu111/1.4/board.xml as part xczu28dr-ffvg1517-2-e specified in board_part file is either invalid or not available
WARNING: [Board 49-26] cannot add Board Part xilinx.com:zcu1275:part0:1.0 available at C:/Xilinx/Vivado/2022.1/data/xhub/boards/XilinxBoardStore/boards/Xilinx/zcu1275/1.0/board.xml as part xczu29dr-ffvf1760-2-e specified in board_part file is either invalid or not available
WARNING: [Board 49-26] cannot add Board Part xilinx.com:zcu1285:part0:1.0 available at C:/Xilinx/Vivado/2022.1/data/xhub/boards/XilinxBoardStore/boards/Xilinx/zcu1285/1.0/board.xml as part xczu39dr-ffvf1760-2-i specified in board_part file is either invalid or not available
WARNING: [Board 49-26] cannot add Board Part xilinx.com:zcu208:part0:2.0 available at C:/Xilinx/Vivado/2022.1/data/xhub/boards/XilinxBoardStore/boards/Xilinx/zcu208/production/2.0/board.xml as part xczu48dr-fsvg1517-2-e specified in board_part file is either invalid or not available
WARNING: [Board 49-26] cannot add Board Part xilinx.com:zcu208ld:part0:2.0 available at C:/Xilinx/Vivado/2022.1/data/xhub/boards/XilinxBoardStore/boards/Xilinx/zcu208ld/production/2.0/board.xml as part xczu58dr-fsvg1517-2-i specified in board_part file is either invalid or not available
WARNING: [Board 49-26] cannot add Board Part xilinx.com:zcu216:part0:2.0 available at C:/Xilinx/Vivado/2022.1/data/xhub/boards/XilinxBoardStore/boards/Xilinx/zcu216/production/2.0/board.xml as part xczu49dr-ffvf1760-2-e specified in board_part file is either invalid or not available
WARNING: [Board 49-26] cannot add Board Part xilinx.com:zcu216ld:part0:2.0 available at C:/Xilinx/Vivado/2022.1/data/xhub/boards/XilinxBoardStore/boards/Xilinx/zcu216ld/production/2.0/board.xml as part xczu59dr-ffvf1760-2-i specified in board_part file is either invalid or not available
WARNING: [Board 49-26] cannot add Board Part xilinx.com:zcu670:part0:2.0 available at C:/Xilinx/Vivado/2022.1/data/xhub/boards/XilinxBoardStore/boards/Xilinx/zcu670/2.0/board.xml as part xczu67dr-fsve1156-2-i specified in board_part file is either invalid or not available
WARNING: [Board 49-26] cannot add Board Part xilinx.com:zcu670ld:part0:1.0 available at C:/Xilinx/Vivado/2022.1/data/xhub/boards/XilinxBoardStore/boards/Xilinx/zcu670ld/1.0/board.xml as part xczu57dr-fsve1156-2-i specified in board_part file is either invalid or not available
INFO: [Project 1-313] Project file moved from 'D:/DigitalDesignFiles/project_1' since last save.
WARNING: [filemgmt 56-3] Board Part Repository Path: Could not find the directory 'C:/Users/BambooRat/AppData/Roaming/Xilinx/Vivado/2022.1/xhub/board_store/xilinx_board_store'.
CRITICAL WARNING: [Project 1-311] Could not find the file 'D:/Project/project_1/project_1.srcs/sources_1/new/BRAM_test.v', nor could it be found using path 'D:/DigitalDesignFiles/project_1/project_1.srcs/sources_1/new/BRAM_test.v'.
CRITICAL WARNING: [Project 1-311] Could not find the file 'D:/Project/project_1/project_1.srcs/sources_1/new/FP8_to_int.v', nor could it be found using path 'D:/DigitalDesignFiles/project_1/project_1.srcs/sources_1/new/FP8_to_int.v'.
CRITICAL WARNING: [Project 1-311] Could not find the file 'D:/Project/project_1/project_1.srcs/sources_1/new/formator.v', nor could it be found using path 'D:/DigitalDesignFiles/project_1/project_1.srcs/sources_1/new/formator.v'.
CRITICAL WARNING: [Project 1-311] Could not find the file 'D:/Project/project_1/project_1.srcs/sources_1/new/int_to_FP8.v', nor could it be found using path 'D:/DigitalDesignFiles/project_1/project_1.srcs/sources_1/new/int_to_FP8.v'.
CRITICAL WARNING: [Project 1-311] Could not find the file 'D:/Project/project_1/project_1.srcs/sources_1/new/PE.v', nor could it be found using path 'D:/DigitalDesignFiles/project_1/project_1.srcs/sources_1/new/PE.v'.
CRITICAL WARNING: [Project 1-311] Could not find the file 'D:/Project/project_1/project_1.srcs/sources_1/new/line_buffer.v', nor could it be found using path 'D:/DigitalDesignFiles/project_1/project_1.srcs/sources_1/new/line_buffer.v'.
CRITICAL WARNING: [Project 1-311] Could not find the file 'D:/Project/project_1/project_1.srcs/sources_1/new/systolic_3x3.v', nor could it be found using path 'D:/DigitalDesignFiles/project_1/project_1.srcs/sources_1/new/systolic_3x3.v'.
CRITICAL WARNING: [Project 1-311] Could not find the file 'D:/Project/project_1/project_1.srcs/sources_1/new/BN.v', nor could it be found using path 'D:/DigitalDesignFiles/project_1/project_1.srcs/sources_1/new/BN.v'.
CRITICAL WARNING: [Project 1-311] Could not find the file 'D:/Project/project_1/project_1.srcs/sources_1/new/adder_4.v', nor could it be found using path 'D:/DigitalDesignFiles/project_1/project_1.srcs/sources_1/new/adder_4.v'.
CRITICAL WARNING: [Project 1-311] Could not find the file 'D:/Project/project_1/project_1.srcs/sources_1/new/ReLU.v', nor could it be found using path 'D:/DigitalDesignFiles/project_1/project_1.srcs/sources_1/new/ReLU.v'.
CRITICAL WARNING: [Project 1-311] Could not find the file 'D:/Project/project_1/project_1.srcs/sources_1/new/stage0.v', nor could it be found using path 'D:/DigitalDesignFiles/project_1/project_1.srcs/sources_1/new/stage0.v'.
CRITICAL WARNING: [Project 1-311] Could not find the file 'D:/Project/project_1/project_1.srcs/sources_1/new/DW_BN_ReLU.v', nor could it be found using path 'D:/DigitalDesignFiles/project_1/project_1.srcs/sources_1/new/DW_BN_ReLU.v'.
CRITICAL WARNING: [Project 1-311] Could not find the file 'D:/Project/project_1/project_1.srcs/sources_1/new/line_buffer_unit.v', nor could it be found using path 'D:/DigitalDesignFiles/project_1/project_1.srcs/sources_1/new/line_buffer_unit.v'.
CRITICAL WARNING: [Project 1-311] Could not find the file 'D:/Project/project_1/project_1.srcs/sources_1/new/formator_9.v', nor could it be found using path 'D:/DigitalDesignFiles/project_1/project_1.srcs/sources_1/new/formator_9.v'.
CRITICAL WARNING: [Project 1-311] Could not find the file 'D:/Project/project_1/project_1.srcs/sources_1/new/systolic_9x9.v', nor could it be found using path 'D:/DigitalDesignFiles/project_1/project_1.srcs/sources_1/new/systolic_9x9.v'.
CRITICAL WARNING: [Project 1-311] Could not find the file 'D:/Project/project_1/project_1.srcs/sources_1/new/systolic_9x1_row.v', nor could it be found using path 'D:/DigitalDesignFiles/project_1/project_1.srcs/sources_1/new/systolic_9x1_row.v'.
CRITICAL WARNING: [Project 1-311] Could not find the file 'D:/Project/project_1/project_1.srcs/sources_1/new/stage1.v', nor could it be found using path 'D:/DigitalDesignFiles/project_1/project_1.srcs/sources_1/new/stage1.v'.
CRITICAL WARNING: [Project 1-311] Could not find the file 'D:/Project/project_1/project_1.srcs/sources_1/new/LB_addr.v', nor could it be found using path 'D:/DigitalDesignFiles/project_1/project_1.srcs/sources_1/new/LB_addr.v'.
CRITICAL WARNING: [Project 1-311] Could not find the file 'D:/Project/project_1/project_1.srcs/sources_1/new/stage2.v', nor could it be found using path 'D:/DigitalDesignFiles/project_1/project_1.srcs/sources_1/new/stage2.v'.
CRITICAL WARNING: [Project 1-311] Could not find the file 'D:/Project/project_1/project_1.srcs/sources_1/new/comparator.v', nor could it be found using path 'D:/DigitalDesignFiles/project_1/project_1.srcs/sources_1/new/comparator.v'.
CRITICAL WARNING: [Project 1-311] Could not find the file 'D:/Project/project_1/project_1.srcs/sources_1/new/select_1x2.v', nor could it be found using path 'D:/DigitalDesignFiles/project_1/project_1.srcs/sources_1/new/select_1x2.v'.
CRITICAL WARNING: [Project 1-311] Could not find the file 'D:/Project/project_1/project_1.srcs/sources_1/new/comp_1x2to5.v', nor could it be found using path 'D:/DigitalDesignFiles/project_1/project_1.srcs/sources_1/new/comp_1x2to5.v'.
CRITICAL WARNING: [Project 1-311] Could not find the file 'D:/Project/project_1/project_1.srcs/sources_1/new/comp_2to5x1.v', nor could it be found using path 'D:/DigitalDesignFiles/project_1/project_1.srcs/sources_1/new/comp_2to5x1.v'.
CRITICAL WARNING: [Project 1-311] Could not find the file 'D:/Project/project_1/project_1.srcs/sources_1/new/stride_maxpooling_unit.v', nor could it be found using path 'D:/DigitalDesignFiles/project_1/project_1.srcs/sources_1/new/stride_maxpooling_unit.v'.
CRITICAL WARNING: [Project 1-311] Could not find the file 'D:/Project/project_1/project_1.srcs/sources_1/new/stride_maxpooling.v', nor could it be found using path 'D:/DigitalDesignFiles/project_1/project_1.srcs/sources_1/new/stride_maxpooling.v'.
CRITICAL WARNING: [Project 1-311] Could not find the file 'D:/Project/project_1/project_1.srcs/sources_1/new/RAM_ROM_sys.v', nor could it be found using path 'D:/DigitalDesignFiles/project_1/project_1.srcs/sources_1/new/RAM_ROM_sys.v'.
CRITICAL WARNING: [Project 1-311] Could not find the file 'D:/Project/project_1/project_1.srcs/sim_1/new/BRAM_tb.v', nor could it be found using path 'D:/DigitalDesignFiles/project_1/project_1.srcs/sim_1/new/BRAM_tb.v'.
CRITICAL WARNING: [Project 1-311] Could not find the file 'D:/Project/project_1/project_1.srcs/utils_1/imports/synth_1/FP8_to_int.dcp', nor could it be found using path 'D:/DigitalDesignFiles/project_1/project_1.srcs/utils_1/imports/synth_1/FP8_to_int.dcp'.
WARNING: [Project 1-865] Could not find the file D:/Project/project_1/project_1.srcs/utils_1/imports/synth_1/FP8_to_int.dcp
CRITICAL WARNING: [Project 1-311] Could not find the file 'D:/Project/project_1/project_1.srcs/sources_1/ip/blk_mem_gen_0/blk_mem_gen_0.xci', nor could it be found using path 'D:/DigitalDesignFiles/project_1/project_1.srcs/sources_1/ip/blk_mem_gen_0/blk_mem_gen_0.xci'.
CRITICAL WARNING: [Project 1-311] Could not find the file 'D:/Project/project_1/project_1.srcs/sources_1/ip/RAM_line_buffer/RAM_line_buffer.xci', nor could it be found using path 'D:/DigitalDesignFiles/project_1/project_1.srcs/sources_1/ip/RAM_line_buffer/RAM_line_buffer.xci'.
Scanning sources...
Finished scanning sources
WARNING: [Project 1-509] GeneratedRun file for 'synth_1' not found
WARNING: [Project 1-509] GeneratedRun file for 'blk_mem_gen_0_synth_1' not found
WARNING: [Project 1-509] GeneratedRun file for 'RAM_line_buffer_synth_1' not found
ERROR: [IP_Flow 19-993] Could not find IP file for IP 'blk_mem_gen_0'.
INFO: [IP_Flow 19-234] Refreshing IP repositories
INFO: [IP_Flow 19-1704] No user IP repositories specified
INFO: [IP_Flow 19-2313] Loaded Vivado IP repository 'C:/Xilinx/Vivado/2022.1/data/ip'.
CRITICAL WARNING: [IP_Flow 19-3933] Unable to construct an IP Instance blk_mem_gen_0 using VLNV :::.
ERROR: [IP_Flow 19-993] Could not find IP file for IP 'RAM_line_buffer'.
CRITICAL WARNING: [IP_Flow 19-3933] Unable to construct an IP Instance RAM_line_buffer using VLNV :::.
open_project: Time (s): cpu = 00:00:10 ; elapsed = 00:00:06 . Memory (MB): peak = 1222.262 ; gain = 0.000
ERROR: [Common 17-39] 'open_project' failed due to earlier errors.
update_compile_order -fileset sim_1
update_compile_order -fileset sources_1
exit
INFO: [Common 17-206] Exiting Vivado at Tue Feb 11 15:02:14 2025...
