Vivado Simulator v2022.1
Copyright 1986-1999, 2001-2022 Xilinx, Inc. All Rights Reserved.
Running: D:/ProgramFiles/Xilinx/Vivado/2022.1/bin/unwrapped/win64.o/xelab.exe --incr --debug typical --relax --mt 2 --maxdelay -L xil_defaultlib -L simprims_ver -L secureip --snapshot BRAM_tb_time_synth -transport_int_delays -pulse_r 0 -pulse_int_r 0 -pulse_e 0 -pulse_int_e 0 xil_defaultlib.BRAM_tb xil_defaultlib.glbl -log elaborate.log 
Using 2 slave threads.
Starting static elaboration
Pass Through NonSizing Optimizer
Completed static elaboration
Starting simulation data flow analysis
Completed simulation data flow analysis
INFO: [XSIM 43-3451] SDF backannotation process started with SDF file "BRAM_tb_time_synth.sdf", for root module "BRAM_tb/uut".
INFO: [XSIM 43-3452] SDF backannotation was successful for SDF file "BRAM_tb_time_synth.sdf", for root module "BRAM_tb/uut".
Time Resolution for simulation is 1ps
Compiling module simprims_ver.IBUFCTRL_default
Compiling module simprims_ver.INBUF_default
Compiling module xil_defaultlib.IBUF_UNIQ_BASE_
Compiling module xil_defaultlib.IBUF_HD64
Compiling module xil_defaultlib.IBUF_HD65
Compiling module xil_defaultlib.IBUF_HD66
Compiling module simprims_ver.GND
Compiling module simprims_ver.RAMB18E2(CLOCK_DOMAINS="COMMON",...
Compiling module xil_defaultlib.blk_mem_gen_0
Compiling module xil_defaultlib.IBUF_HD67
Compiling module xil_defaultlib.IBUF_HD68
Compiling module xil_defaultlib.IBUF_HD69
Compiling module xil_defaultlib.IBUF_HD70
Compiling module xil_defaultlib.IBUF_HD71
Compiling module xil_defaultlib.IBUF_HD72
Compiling module xil_defaultlib.IBUF_HD73
Compiling module xil_defaultlib.IBUF_HD74
Compiling module xil_defaultlib.IBUF_HD75
Compiling module xil_defaultlib.IBUF_HD76
Compiling module xil_defaultlib.IBUF_HD77
Compiling module xil_defaultlib.IBUF_HD78
Compiling module xil_defaultlib.IBUF_HD79
Compiling module xil_defaultlib.IBUF_HD80
Compiling module xil_defaultlib.IBUF_HD81
Compiling module xil_defaultlib.IBUF_HD82
Compiling module xil_defaultlib.IBUF_HD83
Compiling module simprims_ver.OBUF
Compiling module xil_defaultlib.IBUF_HD84
Compiling module xil_defaultlib.BRAM_test
Compiling module xil_defaultlib.BRAM_tb
Compiling module xil_defaultlib.glbl
Built simulation snapshot BRAM_tb_time_synth
